Number of arguments:2 arguments.
Argument List:['/mnt/disks/data/json/5min/hk', '/tmp/5minhk.out']
Start dirpath=/mnt/disks/data/json/5min/hk at 2020-04-08 17:38:49
0 rows loaded
2 files loaded
end dirpath=/mnt/disks/data/json/5min/hk at 2020-04-08 17:38:49
Start dirpath=/mnt/disks/data/json/5min/hk/hkex stocks at 2020-04-08 17:38:49
0 rows loaded
2 files loaded
end dirpath=/mnt/disks/data/json/5min/hk/hkex stocks at 2020-04-08 17:38:49
Start dirpath=/mnt/disks/data/json/5min/hk/hkex stocks/2 at 2020-04-08 17:38:49
Number of arguments:2 arguments.
Argument List:['/mnt/disks/data/json/5min/hu', '/tmp/5minhu.out']
Start dirpath=/mnt/disks/data/json/5min/hu at 2020-04-08 17:39:15
0 rows loaded
2 files loaded
end dirpath=/mnt/disks/data/json/5min/hu at 2020-04-08 17:39:15
Start dirpath=/mnt/disks/data/json/5min/hu/bse stocks at 2020-04-08 17:39:15
Number of arguments:2 arguments.
Argument List:['/mnt/disks/data/json/5min/pl', '/tmp/5minpl.out']
Start dirpath=/mnt/disks/data/json/5min/pl at 2020-04-08 17:39:18
0 rows loaded
2 files loaded
end dirpath=/mnt/disks/data/json/5min/pl at 2020-04-08 17:39:18
Start dirpath=/mnt/disks/data/json/5min/pl/wse options at 2020-04-08 17:39:18
14989 rows loaded
802 files loaded
end dirpath=/mnt/disks/data/json/5min/pl/wse options at 2020-04-08 17:39:24
Start dirpath=/mnt/disks/data/json/5min/pl/wse pre-emptive rights at 2020-04-08 17:39:24
14989 rows loaded
803 files loaded
end dirpath=/mnt/disks/data/json/5min/pl/wse pre-emptive rights at 2020-04-08 17:39:24
Start dirpath=/mnt/disks/data/json/5min/pl/nc stocks at 2020-04-08 17:39:24
Ignore exceptions 'utf-8' codec can't decode byte 0xb0 in position 45: invalid start byte in file=/mnt/disks/data/json/5min/pl/nc stocks/._for.json
113730 rows loaded
1191 files loaded
end dirpath=/mnt/disks/data/json/5min/pl/nc stocks at 2020-04-08 17:40:02
Start dirpath=/mnt/disks/data/json/5min/pl/wse etfs at 2020-04-08 17:40:02
125256 rows loaded
1198 files loaded
end dirpath=/mnt/disks/data/json/5min/pl/wse etfs at 2020-04-08 17:40:07
Start dirpath=/mnt/disks/data/json/5min/pl/wse stocks at 2020-04-08 17:40:07
Number of arguments:2 arguments.
Argument List:['/mnt/disks/data/json/5min/uk', '/tmp/5minuk.out']
Start dirpath=/mnt/disks/data/json/5min/uk at 2020-04-08 17:41:53
0 rows loaded
0 files loaded
end dirpath=/mnt/disks/data/json/5min/uk at 2020-04-08 17:41:53
Start dirpath=/mnt/disks/data/json/5min/uk/lse stocks at 2020-04-08 17:41:53
0 rows loaded
0 files loaded
end dirpath=/mnt/disks/data/json/5min/uk/lse stocks at 2020-04-08 17:41:53
Start dirpath=/mnt/disks/data/json/5min/uk/lse stocks/2 at 2020-04-08 17:41:53
Number of arguments:2 arguments.
Argument List:['/mnt/disks/data/json/5min/world', '/tmp/5minworld.out']
Start dirpath=/mnt/disks/data/json/5min/world at 2020-04-08 17:41:53
0 rows loaded
0 files loaded
end dirpath=/mnt/disks/data/json/5min/world at 2020-04-08 17:41:53
Start dirpath=/mnt/disks/data/json/5min/world/currencies\other at 2020-04-08 17:41:53
Number of arguments:2 arguments.
Argument List:['/mnt/disks/data/json/5min/us/nasdaq etfs', '/tmp/5minnasetfs.out']
Start dirpath=/mnt/disks/data/json/5min/us/nasdaq etfs at 2020-04-08 17:41:54
Number of arguments:2 arguments.
Argument List:['/mnt/disks/data/json/5min/us/nasdaq stocks', '/tmp/5minnasstocks.out']
Start dirpath=/mnt/disks/data/json/5min/us/nasdaq stocks at 2020-04-08 17:41:54
0 rows loaded
0 files loaded
end dirpath=/mnt/disks/data/json/5min/us/nasdaq stocks at 2020-04-08 17:41:54
Start dirpath=/mnt/disks/data/json/5min/us/nasdaq stocks/2 at 2020-04-08 17:41:54
Number of arguments:2 arguments.
Argument List:['/mnt/disks/data/json/5min/us/nyse etfs', '/tmp/5minnyseetfs.out']
Start dirpath=/mnt/disks/data/json/5min/us/nyse etfs at 2020-04-08 17:41:54
